0 info it worked if it ends with ok
1 verbose cli [ '/usr/local/bin/node', '/usr/local/bin/npm', 'publish' ]
2 info using npm@3.10.10
3 info using node@v6.10.0
4 verbose publish [ '.' ]
5 silly cache add args [ '.', null ]
6 verbose cache add spec .
7 silly cache add parsed spec Result {
7 silly cache add   raw: '.',
7 silly cache add   scope: null,
7 silly cache add   escapedName: null,
7 silly cache add   name: null,
7 silly cache add   rawSpec: '.',
7 silly cache add   spec: '/Users/allen/Documents/NodeJs/mynpm/microsoft-computer-vision',
7 silly cache add   type: 'directory' }
8 verbose addLocalDirectory /Users/allen/.npm/microsoft-computer-vision/1.1.0/package.tgz not in flight; packing
9 verbose correctMkdir /Users/allen/.npm correctMkdir not in flight; initializing
10 info lifecycle microsoft-computer-vision@1.1.0~prepublish: microsoft-computer-vision@1.1.0
11 silly lifecycle microsoft-computer-vision@1.1.0~prepublish: no script for prepublish, continuing
12 verbose tar pack [ '/Users/allen/.npm/microsoft-computer-vision/1.1.0/package.tgz',
12 verbose tar pack   '/Users/allen/Documents/NodeJs/mynpm/microsoft-computer-vision' ]
13 verbose tarball /Users/allen/.npm/microsoft-computer-vision/1.1.0/package.tgz
14 verbose folder /Users/allen/Documents/NodeJs/mynpm/microsoft-computer-vision
15 verbose addLocalTarball adding from inside cache /Users/allen/.npm/microsoft-computer-vision/1.1.0/package.tgz
16 verbose correctMkdir /Users/allen/.npm correctMkdir not in flight; initializing
17 silly cache afterAdd microsoft-computer-vision@1.1.0
18 verbose afterAdd /Users/allen/.npm/microsoft-computer-vision/1.1.0/package/package.json not in flight; writing
19 verbose correctMkdir /Users/allen/.npm correctMkdir not in flight; initializing
20 verbose afterAdd /Users/allen/.npm/microsoft-computer-vision/1.1.0/package/package.json written
21 silly publish { name: 'microsoft-computer-vision',
21 silly publish   version: '1.1.0',
21 silly publish   author: { name: 'Xiaoyu Zhou', email: 'xiaoyuz2011@gmail.com' },
21 silly publish   main: './lib/index.js',
21 silly publish   engines: { node: '>=5.0 <6.10', npm: '>=3.3' },
21 silly publish   repository:
21 silly publish    { type: 'git',
21 silly publish      url: 'git+https://github.com/viane/microsoft-computer-vision.git',
21 silly publish      homepage: 'https://github.com/viane/microsoft-computer-vision/blob/master/README.md' },
21 silly publish   license: 'MIT',
21 silly publish   scripts:
21 silly publish    { test: 'mocha tests/* --timeout 10000 --compilers js:babel-register --require ./tests/helper.js --recursive',
21 silly publish      start: 'babel-node ./src/entry.js',
21 silly publish      build: 'babel src --out-dir lib' },
21 silly publish   babel:
21 silly publish    { presets: [ 'es2015', 'stage-2' ],
21 silly publish      plugins: [ 'transform-flow-strip-types', 'add-module-exports' ] },
21 silly publish   devDependencies:
21 silly publish    { 'app-module-path': '^1.0.6',
21 silly publish      'babel-cli': '^6.23.0',
21 silly publish      'babel-eslint': '^6.0.2',
21 silly publish      'babel-plugin-add-module-exports': '^0.1.2',
21 silly publish      'babel-plugin-transform-flow-strip-types': '^6.7.0',
21 silly publish      'babel-preset-es2015': '^6.22.0',
21 silly publish      'babel-preset-stage-2': '^6.5.0',
21 silly publish      'babel-register': '^6.7.2',
21 silly publish      chai: '^3.5.0',
21 silly publish      'chai-fs': '^1.0.0',
21 silly publish      del: '^2.2.2',
21 silly publish      eslint: '^2.7.0',
21 silly publish      'eslint-config-airbnb': '^7.0.0',
21 silly publish      'eslint-plugin-babel': '^3.2.0',
21 silly publish      'eslint-plugin-flow-vars': '^0.3.0',
21 silly publish      'eslint-plugin-flowtype': '^2.2.6',
21 silly publish      'image-type': '^3.0.0',
21 silly publish      mocha: '^2.4.5',
21 silly publish      'pretty-error': '^2.0.0' },
21 silly publish   bugs: { url: 'https://github.com/viane/microsoft-computer-vision/issues' },
21 silly publish   homepage: 'https://github.com/viane/microsoft-computer-vision/blob/master/README.md',
21 silly publish   directories: { doc: 'docs', test: 'tests' },
21 silly publish   readme: 'README.md',
21 silly publish   dependencies:
21 silly publish    { bluebird: '^3.4.7',
21 silly publish      'chai-as-promised': '^6.0.0',
21 silly publish      'eslint-plugin-jsx-a11y': '^0.6.2',
21 silly publish      'load-json-file': '^2.0.0',
21 silly publish      request: '^2.79.0',
21 silly publish      'request-promise': '^4.1.1' },
21 silly publish   keywords: [ 'microsoft', 'cognitive', 'computer', 'vision' ],
21 silly publish   description: 'A simple but comprehensive NodeJS library for Microsoft Computer Vision API',
21 silly publish   gitHead: '4ee99b86a833671fdf61b40ec557c517c8c36c4b',
21 silly publish   _id: 'microsoft-computer-vision@1.1.0',
21 silly publish   _shasum: '93b4f40e3c5767977e54ce4b169adb1025ac6545',
21 silly publish   _from: '.' }
22 verbose getPublishConfig undefined
23 silly mapToRegistry name microsoft-computer-vision
24 silly mapToRegistry using default registry
25 silly mapToRegistry registry https://registry.npmjs.org/
26 silly mapToRegistry data Result {
26 silly mapToRegistry   raw: 'microsoft-computer-vision',
26 silly mapToRegistry   scope: null,
26 silly mapToRegistry   escapedName: 'microsoft-computer-vision',
26 silly mapToRegistry   name: 'microsoft-computer-vision',
26 silly mapToRegistry   rawSpec: '',
26 silly mapToRegistry   spec: 'latest',
26 silly mapToRegistry   type: 'tag' }
27 silly mapToRegistry uri https://registry.npmjs.org/microsoft-computer-vision
28 verbose publish registryBase https://registry.npmjs.org/
29 silly publish uploading /Users/allen/.npm/microsoft-computer-vision/1.1.0/package.tgz
30 verbose request uri https://registry.npmjs.org/microsoft-computer-vision
31 verbose request sending authorization for write operation
32 info attempt registry request try #1 at 7:45:40 PM
33 verbose request using bearer token for auth
34 verbose request id 312569c708a0447b
35 http request PUT https://registry.npmjs.org/microsoft-computer-vision
36 http 403 https://registry.npmjs.org/microsoft-computer-vision
37 verbose headers { 'content-type': 'application/json',
37 verbose headers   'cache-control': 'max-age=300',
37 verbose headers   'content-length': '95',
37 verbose headers   'accept-ranges': 'bytes',
37 verbose headers   date: 'Tue, 28 Feb 2017 00:45:41 GMT',
37 verbose headers   via: '1.1 varnish',
37 verbose headers   connection: 'keep-alive',
37 verbose headers   'x-served-by': 'cache-ord1741-ORD',
37 verbose headers   'x-cache': 'MISS',
37 verbose headers   'x-cache-hits': '0',
37 verbose headers   'x-timer': 'S1488242740.302368,VS0,VE751',
37 verbose headers   vary: 'Accept-Encoding' }
38 verbose request invalidating /Users/allen/.npm/registry.npmjs.org/microsoft-computer-vision on PUT
39 error publish Failed PUT 403
40 verbose stack Error: "You cannot publish over the previously published version 1.1.0." : microsoft-computer-vision
40 verbose stack     at makeError (/usr/local/lib/node_modules/npm/node_modules/npm-registry-client/lib/request.js:302:12)
40 verbose stack     at CachingRegistryClient.<anonymous> (/usr/local/lib/node_modules/npm/node_modules/npm-registry-client/lib/request.js:290:14)
40 verbose stack     at Request._callback (/usr/local/lib/node_modules/npm/node_modules/npm-registry-client/lib/request.js:210:14)
40 verbose stack     at Request.self.callback (/usr/local/lib/node_modules/npm/node_modules/request/request.js:187:22)
40 verbose stack     at emitTwo (events.js:106:13)
40 verbose stack     at Request.emit (events.js:191:7)
40 verbose stack     at Request.<anonymous> (/usr/local/lib/node_modules/npm/node_modules/request/request.js:1048:10)
40 verbose stack     at emitOne (events.js:96:13)
40 verbose stack     at Request.emit (events.js:188:7)
40 verbose stack     at IncomingMessage.<anonymous> (/usr/local/lib/node_modules/npm/node_modules/request/request.js:969:12)
41 verbose statusCode 403
42 verbose pkgid microsoft-computer-vision
43 verbose cwd /Users/allen/Documents/NodeJs/mynpm/microsoft-computer-vision
44 error Darwin 16.4.0
45 error argv "/usr/local/bin/node" "/usr/local/bin/npm" "publish"
46 error node v6.10.0
47 error npm  v3.10.10
48 error code E403
49 error "You cannot publish over the previously published version 1.1.0." : microsoft-computer-vision
50 error If you need help, you may report this error at:
50 error     <https://github.com/npm/npm/issues>
51 verbose exit [ 1, true ]
